[2025-07-16T20:36:33.686Z]  Petici贸n recibida a /api/redmine: GET /tickets?limit=2000
[2025-07-16T20:37:00.082Z]  Petici贸n recibida a /api/redmine: GET /tickets
[2025-07-16T20:37:00.087Z]  Petici贸n recibida a /api/redmine: GET /miembros
[2025-07-16T20:37:00.091Z]  Petici贸n recibida a /api/redmine: GET /prioridades
[2025-07-16T20:37:03.876Z]  Petici贸n recibida a /api/redmine: GET /tickets
[2025-07-16T20:37:05.792Z]  Petici贸n recibida a /api/usuarios: GET /
[2025-07-16T20:37:05.794Z]  Petici贸n recibida a /api/usuarios: GET /inactivos
[2025-07-16T20:37:19.540Z]  Petici贸n recibida a /api/usuarios: GET /1/perfil
[2025-07-16T20:37:28.762Z]  Petici贸n recibida a /api/usuarios: GET /1/auditoria
[2025-07-16T20:42:26.868Z]  Petici贸n recibida a /api/redmine: GET /tickets?limit=2000
[2025-07-16T20:43:07.121Z]  Petici贸n recibida a /api/redmine: GET /tickets?limit=2000
[2025-07-16T20:43:32.133Z]  Petici贸n recibida a /api/redmine: GET /tickets
[2025-07-16T20:43:32.139Z]  Petici贸n recibida a /api/redmine: GET /prioridades
[2025-07-16T20:43:32.144Z]  Petici贸n recibida a /api/redmine: GET /miembros
[2025-07-16T20:43:44.564Z]  Petici贸n recibida a /api/redmine: GET /tickets
[2025-07-16T20:44:03.044Z]  Petici贸n recibida a /api/usuarios: GET /
[2025-07-16T20:44:03.046Z]  Petici贸n recibida a /api/usuarios: GET /inactivos
[2025-07-16T20:44:07.265Z]  Petici贸n recibida a /api/usuarios: GET /1/auditoria
[2025-07-16T20:44:16.373Z]  Petici贸n recibida a /api/usuarios: GET /1/perfil
[2025-07-16T20:44:46.199Z]  Petici贸n recibida a /api/redmine: GET /tickets
[2025-07-16T20:44:46.833Z]  Petici贸n recibida a /api/redmine: GET /tickets
[2025-07-16T20:44:46.843Z]  Petici贸n recibida a /api/redmine: GET /prioridades
[2025-07-16T20:44:46.848Z]  Petici贸n recibida a /api/redmine: GET /miembros
[2025-07-16T20:44:47.781Z]  Petici贸n recibida a /api/redmine: GET /tickets?limit=2000
[2025-07-16T20:45:03.140Z]  Petici贸n recibida a /api/redmine: GET /tickets
[2025-07-16T20:45:03.145Z]  Petici贸n recibida a /api/redmine: GET /prioridades
[2025-07-16T20:45:03.149Z]  Petici贸n recibida a /api/redmine: GET /miembros
[2025-07-16T20:45:10.964Z]  Petici贸n recibida a /api/redmine: GET /tickets
[2025-07-16T20:45:11.819Z]  Petici贸n recibida a /api/usuarios: GET /
[2025-07-16T20:45:11.821Z]  Petici贸n recibida a /api/usuarios: GET /inactivos
[2025-07-20T18:48:42.791Z]  Petici贸n recibida a /api/redmine: GET /tickets?limit=2000
[2025-07-20T18:48:48.182Z]  Petici贸n recibida a /api/redmine: GET /tickets
[2025-07-20T18:48:48.184Z]  Petici贸n recibida a /api/redmine: GET /prioridades
[2025-07-20T18:48:48.189Z]  Petici贸n recibida a /api/redmine: GET /miembros
[2025-07-20T18:48:49.964Z]  Petici贸n recibida a /api/redmine: GET /tickets
[2025-07-20T18:48:50.508Z]  Petici贸n recibida a /api/usuarios: GET /
[2025-07-20T18:48:50.510Z]  Petici贸n recibida a /api/usuarios: GET /inactivos
[2025-07-20T18:49:01.114Z]  Petici贸n recibida a /api/usuarios: GET /1/perfil
[2025-07-20T18:49:23.076Z]  Petici贸n recibida a /api/usuarios: GET /13/auditoria
[2025-07-20T18:49:36.799Z]  Petici贸n recibida a /api/redmine: GET /tickets
[2025-07-20T18:49:41.833Z]  Petici贸n recibida a /api/redmine: GET /tickets
[2025-07-20T18:49:41.836Z]  Petici贸n recibida a /api/redmine: GET /prioridades
[2025-07-20T18:49:41.842Z]  Petici贸n recibida a /api/redmine: GET /miembros
[2025-07-20T18:49:42.863Z]  Petici贸n recibida a /api/redmine: GET /tickets?limit=2000
[2025-07-20T18:49:43.394Z]  Petici贸n recibida a /api/redmine: GET /tickets
[2025-07-20T18:49:43.396Z]  Petici贸n recibida a /api/redmine: GET /prioridades
[2025-07-20T18:49:43.433Z]  Petici贸n recibida a /api/redmine: GET /miembros
[2025-07-20T18:49:44.028Z]  Petici贸n recibida a /api/redmine: GET /tickets
[2025-07-20T18:50:04.601Z]  Petici贸n recibida a /api/redmine: GET /tickets?limit=2000
[2025-07-20T18:55:05.451Z]  Petici贸n recibida a /api/redmine: GET /tickets?limit=2000
[2025-07-20T19:00:05.453Z]  Petici贸n recibida a /api/redmine: GET /tickets?limit=2000
[2025-07-20T19:05:05.444Z]  Petici贸n recibida a /api/redmine: GET /tickets?limit=2000
[2025-07-20T19:10:05.454Z]  Petici贸n recibida a /api/redmine: GET /tickets?limit=2000
[2025-07-20T19:15:05.463Z]  Petici贸n recibida a /api/redmine: GET /tickets?limit=2000
[2025-07-20T19:20:05.447Z]  Petici贸n recibida a /api/redmine: GET /tickets?limit=2000
[2025-07-20T19:25:41.824Z]  Petici贸n recibida a /api/redmine: GET /tickets?limit=2000
[2025-07-20T19:30:41.776Z]  Petici贸n recibida a /api/redmine: GET /tickets?limit=2000
[2025-07-20T19:35:41.898Z]  Petici贸n recibida a /api/redmine: GET /tickets?limit=2000
[2025-07-20T19:40:41.784Z]  Petici贸n recibida a /api/redmine: GET /tickets?limit=2000
[2025-07-20T19:45:41.808Z]  Petici贸n recibida a /api/redmine: GET /tickets?limit=2000
[2025-07-20T19:50:41.922Z]  Petici贸n recibida a /api/redmine: GET /tickets?limit=2000
[2025-07-20T19:55:41.908Z]  Petici贸n recibida a /api/redmine: GET /tickets?limit=2000
[2025-07-20T20:00:41.848Z]  Petici贸n recibida a /api/redmine: GET /tickets?limit=2000
[2025-07-20T20:05:41.777Z]  Petici贸n recibida a /api/redmine: GET /tickets?limit=2000
[2025-07-20T20:10:41.988Z]  Petici贸n recibida a /api/redmine: GET /tickets?limit=2000
[2025-07-20T20:15:41.875Z]  Petici贸n recibida a /api/redmine: GET /tickets?limit=2000
[2025-07-20T20:20:41.979Z]  Petici贸n recibida a /api/redmine: GET /tickets?limit=2000
[2025-07-20T20:25:41.767Z]  Petici贸n recibida a /api/redmine: GET /tickets?limit=2000
[2025-07-20T20:30:41.981Z]  Petici贸n recibida a /api/redmine: GET /tickets?limit=2000
[2025-07-20T20:35:42.118Z]  Petici贸n recibida a /api/redmine: GET /tickets?limit=2000
[2025-07-20T20:40:41.992Z]  Petici贸n recibida a /api/redmine: GET /tickets?limit=2000
[2025-07-20T20:45:41.785Z]  Petici贸n recibida a /api/redmine: GET /tickets?limit=2000
[2025-07-20T20:50:41.999Z]  Petici贸n recibida a /api/redmine: GET /tickets?limit=2000
[2025-07-20T20:55:41.802Z]  Petici贸n recibida a /api/redmine: GET /tickets?limit=2000
[2025-07-20T21:00:41.855Z]  Petici贸n recibida a /api/redmine: GET /tickets?limit=2000
[2025-07-20T21:05:41.861Z]  Petici贸n recibida a /api/redmine: GET /tickets?limit=2000
[2025-07-20T21:10:41.786Z]  Petici贸n recibida a /api/redmine: GET /tickets?limit=2000
[2025-07-20T21:15:41.917Z]  Petici贸n recibida a /api/redmine: GET /tickets?limit=2000
[2025-07-20T21:20:41.932Z]  Petici贸n recibida a /api/redmine: GET /tickets?limit=2000
[2025-07-20T21:25:41.922Z]  Petici贸n recibida a /api/redmine: GET /tickets?limit=2000
[2025-07-20T21:30:41.868Z]  Petici贸n recibida a /api/redmine: GET /tickets?limit=2000
[2025-07-20T21:35:41.918Z]  Petici贸n recibida a /api/redmine: GET /tickets?limit=2000
[2025-07-20T21:40:41.895Z]  Petici贸n recibida a /api/redmine: GET /tickets?limit=2000
[2025-07-20T21:45:41.768Z]  Petici贸n recibida a /api/redmine: GET /tickets?limit=2000
[2025-07-20T21:50:41.892Z]  Petici贸n recibida a /api/redmine: GET /tickets?limit=2000
[2025-07-20T21:55:41.958Z]  Petici贸n recibida a /api/redmine: GET /tickets?limit=2000
[2025-07-20T22:00:41.919Z]  Petici贸n recibida a /api/redmine: GET /tickets?limit=2000
[2025-07-20T22:05:41.948Z]  Petici贸n recibida a /api/redmine: GET /tickets?limit=2000
[2025-07-20T22:10:41.910Z]  Petici贸n recibida a /api/redmine: GET /tickets?limit=2000
[2025-07-20T22:15:41.958Z]  Petici贸n recibida a /api/redmine: GET /tickets?limit=2000
[2025-07-20T22:20:41.870Z]  Petici贸n recibida a /api/redmine: GET /tickets?limit=2000
[2025-07-20T22:25:41.874Z]  Petici贸n recibida a /api/redmine: GET /tickets?limit=2000
[2025-07-20T22:30:41.795Z]  Petici贸n recibida a /api/redmine: GET /tickets?limit=2000
[2025-07-20T22:35:41.863Z]  Petici贸n recibida a /api/redmine: GET /tickets?limit=2000
[2025-07-20T22:40:41.825Z]  Petici贸n recibida a /api/redmine: GET /tickets?limit=2000
[2025-07-20T22:45:41.955Z]  Petici贸n recibida a /api/redmine: GET /tickets?limit=2000
[2025-07-20T22:50:41.955Z]  Petici贸n recibida a /api/redmine: GET /tickets?limit=2000
[2025-07-20T22:55:41.885Z]  Petici贸n recibida a /api/redmine: GET /tickets?limit=2000
[2025-07-20T23:00:42.045Z]  Petici贸n recibida a /api/redmine: GET /tickets?limit=2000
[2025-07-20T23:05:41.782Z]  Petici贸n recibida a /api/redmine: GET /tickets?limit=2000
[2025-07-20T23:10:41.920Z]  Petici贸n recibida a /api/redmine: GET /tickets?limit=2000
[2025-07-20T23:15:41.921Z]  Petici贸n recibida a /api/redmine: GET /tickets?limit=2000
[2025-07-20T23:20:41.849Z]  Petici贸n recibida a /api/redmine: GET /tickets?limit=2000
[2025-07-20T23:25:41.940Z]  Petici贸n recibida a /api/redmine: GET /tickets?limit=2000
[2025-07-20T23:30:41.748Z]  Petici贸n recibida a /api/redmine: GET /tickets?limit=2000
[2025-07-20T23:35:41.904Z]  Petici贸n recibida a /api/redmine: GET /tickets?limit=2000
[2025-07-20T23:40:41.813Z]  Petici贸n recibida a /api/redmine: GET /tickets?limit=2000
[2025-07-20T23:45:41.980Z]  Petici贸n recibida a /api/redmine: GET /tickets?limit=2000
[2025-07-20T23:50:41.886Z]  Petici贸n recibida a /api/redmine: GET /tickets?limit=2000
[2025-07-20T23:55:42.500Z]  Petici贸n recibida a /api/redmine: GET /tickets?limit=2000
[2025-07-21T00:00:41.976Z]  Petici贸n recibida a /api/redmine: GET /tickets?limit=2000
[2025-07-21T00:05:41.852Z]  Petici贸n recibida a /api/redmine: GET /tickets?limit=2000
[2025-07-21T00:10:41.822Z]  Petici贸n recibida a /api/redmine: GET /tickets?limit=2000
[2025-07-21T00:15:41.953Z]  Petici贸n recibida a /api/redmine: GET /tickets?limit=2000
[2025-07-21T00:20:42.002Z]  Petici贸n recibida a /api/redmine: GET /tickets?limit=2000
[2025-07-21T00:25:41.913Z]  Petici贸n recibida a /api/redmine: GET /tickets?limit=2000
[2025-07-21T00:30:41.982Z]  Petici贸n recibida a /api/redmine: GET /tickets?limit=2000
[2025-07-21T00:35:41.907Z]  Petici贸n recibida a /api/redmine: GET /tickets?limit=2000
[2025-07-21T00:40:41.735Z]  Petici贸n recibida a /api/redmine: GET /tickets?limit=2000
[2025-07-21T00:45:41.952Z]  Petici贸n recibida a /api/redmine: GET /tickets?limit=2000
[2025-07-21T00:50:41.879Z]  Petici贸n recibida a /api/redmine: GET /tickets?limit=2000
[2025-07-21T00:55:41.792Z]  Petici贸n recibida a /api/redmine: GET /tickets?limit=2000
[2025-07-21T01:00:41.807Z]  Petici贸n recibida a /api/redmine: GET /tickets?limit=2000
[2025-07-21T01:05:41.866Z]  Petici贸n recibida a /api/redmine: GET /tickets?limit=2000
[2025-07-21T01:10:41.848Z]  Petici贸n recibida a /api/redmine: GET /tickets?limit=2000
[2025-07-21T01:15:41.904Z]  Petici贸n recibida a /api/redmine: GET /tickets?limit=2000
[2025-07-21T01:20:41.960Z]  Petici贸n recibida a /api/redmine: GET /tickets?limit=2000
[2025-07-21T01:25:41.830Z]  Petici贸n recibida a /api/redmine: GET /tickets?limit=2000
[2025-07-21T01:30:41.924Z]  Petici贸n recibida a /api/redmine: GET /tickets?limit=2000
[2025-07-21T01:35:41.869Z]  Petici贸n recibida a /api/redmine: GET /tickets?limit=2000
[2025-07-21T01:40:41.778Z]  Petici贸n recibida a /api/redmine: GET /tickets?limit=2000
[2025-07-21T01:45:41.868Z]  Petici贸n recibida a /api/redmine: GET /tickets?limit=2000
[2025-07-21T01:50:41.856Z]  Petici贸n recibida a /api/redmine: GET /tickets?limit=2000
[2025-07-21T01:55:41.764Z]  Petici贸n recibida a /api/redmine: GET /tickets?limit=2000
[2025-07-21T02:00:41.806Z]  Petici贸n recibida a /api/redmine: GET /tickets?limit=2000
[2025-07-21T02:05:41.796Z]  Petici贸n recibida a /api/redmine: GET /tickets?limit=2000
[2025-07-21T02:10:41.767Z]  Petici贸n recibida a /api/redmine: GET /tickets?limit=2000
[2025-07-21T02:15:41.846Z]  Petici贸n recibida a /api/redmine: GET /tickets?limit=2000
[2025-07-21T02:20:41.799Z]  Petici贸n recibida a /api/redmine: GET /tickets?limit=2000
[2025-07-21T02:25:41.932Z]  Petici贸n recibida a /api/redmine: GET /tickets?limit=2000
[2025-07-21T02:30:41.890Z]  Petici贸n recibida a /api/redmine: GET /tickets?limit=2000
[2025-07-21T02:35:41.915Z]  Petici贸n recibida a /api/redmine: GET /tickets?limit=2000
[2025-07-21T02:40:41.945Z]  Petici贸n recibida a /api/redmine: GET /tickets?limit=2000
[2025-07-21T02:45:41.738Z]  Petici贸n recibida a /api/redmine: GET /tickets?limit=2000
[2025-07-21T02:50:41.835Z]  Petici贸n recibida a /api/redmine: GET /tickets?limit=2000
[2025-07-21T02:55:41.761Z]  Petici贸n recibida a /api/redmine: GET /tickets?limit=2000
[2025-07-21T03:00:41.931Z]  Petici贸n recibida a /api/redmine: GET /tickets?limit=2000
[2025-07-21T03:05:41.923Z]  Petici贸n recibida a /api/redmine: GET /tickets?limit=2000
[2025-07-21T03:10:41.891Z]  Petici贸n recibida a /api/redmine: GET /tickets?limit=2000
[2025-07-21T03:15:41.926Z]  Petici贸n recibida a /api/redmine: GET /tickets?limit=2000
[2025-07-21T03:20:04.573Z]  Petici贸n recibida a /api/redmine: GET /tickets?limit=2000
[2025-07-21T03:25:04.578Z]  Petici贸n recibida a /api/redmine: GET /tickets?limit=2000
[2025-07-21T03:30:04.584Z]  Petici贸n recibida a /api/redmine: GET /tickets?limit=2000
[2025-07-21T03:35:04.580Z]  Petici贸n recibida a /api/redmine: GET /tickets?limit=2000
[2025-07-21T03:40:04.582Z]  Petici贸n recibida a /api/redmine: GET /tickets?limit=2000
[2025-07-21T03:45:04.587Z]  Petici贸n recibida a /api/redmine: GET /tickets?limit=2000
[2025-07-21T03:50:04.582Z]  Petici贸n recibida a /api/redmine: GET /tickets?limit=2000
[2025-07-21T03:55:04.575Z]  Petici贸n recibida a /api/redmine: GET /tickets?limit=2000
[2025-07-21T04:00:04.581Z]  Petici贸n recibida a /api/redmine: GET /tickets?limit=2000
[2025-07-21T04:05:04.584Z]  Petici贸n recibida a /api/redmine: GET /tickets?limit=2000
[2025-07-21T04:10:04.585Z]  Petici贸n recibida a /api/redmine: GET /tickets?limit=2000
[2025-07-21T04:15:04.577Z]  Petici贸n recibida a /api/redmine: GET /tickets?limit=2000
[2025-07-21T04:20:04.578Z]  Petici贸n recibida a /api/redmine: GET /tickets?limit=2000
[2025-07-21T04:25:04.586Z]  Petici贸n recibida a /api/redmine: GET /tickets?limit=2000
[2025-07-21T04:30:04.586Z]  Petici贸n recibida a /api/redmine: GET /tickets?limit=2000
[2025-07-21T04:35:04.580Z]  Petici贸n recibida a /api/redmine: GET /tickets?limit=2000
[2025-07-21T04:40:04.579Z]  Petici贸n recibida a /api/redmine: GET /tickets?limit=2000
[2025-07-21T04:45:04.578Z]  Petici贸n recibida a /api/redmine: GET /tickets?limit=2000
[2025-07-21T04:50:04.576Z]  Petici贸n recibida a /api/redmine: GET /tickets?limit=2000
[2025-07-21T04:55:04.583Z]  Petici贸n recibida a /api/redmine: GET /tickets?limit=2000
[2025-07-21T05:00:04.583Z]  Petici贸n recibida a /api/redmine: GET /tickets?limit=2000
[2025-07-21T05:05:04.584Z]  Petici贸n recibida a /api/redmine: GET /tickets?limit=2000
[2025-07-21T05:10:04.580Z]  Petici贸n recibida a /api/redmine: GET /tickets?limit=2000
[2025-07-21T05:15:04.579Z]  Petici贸n recibida a /api/redmine: GET /tickets?limit=2000
[2025-07-21T05:20:04.573Z]  Petici贸n recibida a /api/redmine: GET /tickets?limit=2000
[2025-07-21T05:25:04.588Z]  Petici贸n recibida a /api/redmine: GET /tickets?limit=2000
[2025-07-21T05:30:04.585Z]  Petici贸n recibida a /api/redmine: GET /tickets?limit=2000
[2025-07-21T05:35:04.587Z]  Petici贸n recibida a /api/redmine: GET /tickets?limit=2000
[2025-07-21T05:40:04.582Z]  Petici贸n recibida a /api/redmine: GET /tickets?limit=2000
[2025-07-21T05:45:04.580Z]  Petici贸n recibida a /api/redmine: GET /tickets?limit=2000
[2025-07-21T05:50:04.586Z]  Petici贸n recibida a /api/redmine: GET /tickets?limit=2000
[2025-07-21T05:55:04.582Z]  Petici贸n recibida a /api/redmine: GET /tickets?limit=2000
[2025-07-21T06:00:04.584Z]  Petici贸n recibida a /api/redmine: GET /tickets?limit=2000
[2025-07-21T06:05:04.576Z]  Petici贸n recibida a /api/redmine: GET /tickets?limit=2000
[2025-07-21T06:10:04.577Z]  Petici贸n recibida a /api/redmine: GET /tickets?limit=2000
[2025-07-21T06:15:04.580Z]  Petici贸n recibida a /api/redmine: GET /tickets?limit=2000
[2025-07-21T06:20:04.579Z]  Petici贸n recibida a /api/redmine: GET /tickets?limit=2000
[2025-07-21T06:25:04.581Z]  Petici贸n recibida a /api/redmine: GET /tickets?limit=2000
[2025-07-21T06:30:04.582Z]  Petici贸n recibida a /api/redmine: GET /tickets?limit=2000
[2025-07-21T06:35:04.574Z]  Petici贸n recibida a /api/redmine: GET /tickets?limit=2000
[2025-07-21T06:40:04.588Z]  Petici贸n recibida a /api/redmine: GET /tickets?limit=2000
[2025-07-21T06:45:04.585Z]  Petici贸n recibida a /api/redmine: GET /tickets?limit=2000
[2025-07-21T06:50:04.579Z]  Petici贸n recibida a /api/redmine: GET /tickets?limit=2000
[2025-07-21T06:55:04.575Z]  Petici贸n recibida a /api/redmine: GET /tickets?limit=2000
[2025-07-21T07:00:04.587Z]  Petici贸n recibida a /api/redmine: GET /tickets?limit=2000
[2025-07-21T07:05:04.583Z]  Petici贸n recibida a /api/redmine: GET /tickets?limit=2000
[2025-07-21T07:10:04.579Z]  Petici贸n recibida a /api/redmine: GET /tickets?limit=2000
[2025-07-21T07:15:04.578Z]  Petici贸n recibida a /api/redmine: GET /tickets?limit=2000
[2025-07-21T07:20:04.578Z]  Petici贸n recibida a /api/redmine: GET /tickets?limit=2000
[2025-07-21T07:25:04.574Z]  Petici贸n recibida a /api/redmine: GET /tickets?limit=2000
[2025-07-21T07:30:04.581Z]  Petici贸n recibida a /api/redmine: GET /tickets?limit=2000
[2025-07-21T07:35:04.589Z]  Petici贸n recibida a /api/redmine: GET /tickets?limit=2000
[2025-07-21T07:40:04.572Z]  Petici贸n recibida a /api/redmine: GET /tickets?limit=2000
[2025-07-21T07:45:04.579Z]  Petici贸n recibida a /api/redmine: GET /tickets?limit=2000
[2025-07-21T07:50:04.581Z]  Petici贸n recibida a /api/redmine: GET /tickets?limit=2000
[2025-07-21T07:55:04.581Z]  Petici贸n recibida a /api/redmine: GET /tickets?limit=2000
[2025-07-21T08:00:04.582Z]  Petici贸n recibida a /api/redmine: GET /tickets?limit=2000
[2025-07-21T08:05:04.576Z]  Petici贸n recibida a /api/redmine: GET /tickets?limit=2000
[2025-07-21T08:10:04.584Z]  Petici贸n recibida a /api/redmine: GET /tickets?limit=2000
[2025-07-21T08:15:04.581Z]  Petici贸n recibida a /api/redmine: GET /tickets?limit=2000
[2025-07-21T08:20:04.579Z]  Petici贸n recibida a /api/redmine: GET /tickets?limit=2000
[2025-07-21T08:25:04.585Z]  Petici贸n recibida a /api/redmine: GET /tickets?limit=2000
[2025-07-21T08:30:04.579Z]  Petici贸n recibida a /api/redmine: GET /tickets?limit=2000
[2025-07-21T08:35:04.579Z]  Petici贸n recibida a /api/redmine: GET /tickets?limit=2000
[2025-07-21T08:40:04.584Z]  Petici贸n recibida a /api/redmine: GET /tickets?limit=2000
[2025-07-21T08:45:04.579Z]  Petici贸n recibida a /api/redmine: GET /tickets?limit=2000
[2025-07-21T08:50:04.574Z]  Petici贸n recibida a /api/redmine: GET /tickets?limit=2000
[2025-07-21T08:55:04.578Z]  Petici贸n recibida a /api/redmine: GET /tickets?limit=2000
[2025-07-21T09:00:04.579Z]  Petici贸n recibida a /api/redmine: GET /tickets?limit=2000
[2025-07-21T09:05:04.582Z]  Petici贸n recibida a /api/redmine: GET /tickets?limit=2000
[2025-07-21T09:10:04.580Z]  Petici贸n recibida a /api/redmine: GET /tickets?limit=2000
[2025-07-21T09:15:04.581Z]  Petici贸n recibida a /api/redmine: GET /tickets?limit=2000
[2025-07-21T09:20:04.586Z]  Petici贸n recibida a /api/redmine: GET /tickets?limit=2000
[2025-07-21T09:25:04.583Z]  Petici贸n recibida a /api/redmine: GET /tickets?limit=2000
[2025-07-21T09:30:04.587Z]  Petici贸n recibida a /api/redmine: GET /tickets?limit=2000
[2025-07-21T09:35:04.585Z]  Petici贸n recibida a /api/redmine: GET /tickets?limit=2000
[2025-07-21T09:40:04.575Z]  Petici贸n recibida a /api/redmine: GET /tickets?limit=2000
[2025-07-21T09:45:04.573Z]  Petici贸n recibida a /api/redmine: GET /tickets?limit=2000
[2025-07-21T09:50:04.580Z]  Petici贸n recibida a /api/redmine: GET /tickets?limit=2000
[2025-07-21T09:55:04.584Z]  Petici贸n recibida a /api/redmine: GET /tickets?limit=2000
[2025-07-21T10:00:04.579Z]  Petici贸n recibida a /api/redmine: GET /tickets?limit=2000
[2025-07-21T10:05:04.585Z]  Petici贸n recibida a /api/redmine: GET /tickets?limit=2000
[2025-07-21T10:10:04.582Z]  Petici贸n recibida a /api/redmine: GET /tickets?limit=2000
[2025-07-21T10:15:04.578Z]  Petici贸n recibida a /api/redmine: GET /tickets?limit=2000
[2025-07-21T10:20:04.587Z]  Petici贸n recibida a /api/redmine: GET /tickets?limit=2000
[2025-07-21T10:25:04.581Z]  Petici贸n recibida a /api/redmine: GET /tickets?limit=2000
[2025-07-21T10:30:04.588Z]  Petici贸n recibida a /api/redmine: GET /tickets?limit=2000
[2025-07-21T10:35:04.577Z]  Petici贸n recibida a /api/redmine: GET /tickets?limit=2000
[2025-07-21T10:40:04.575Z]  Petici贸n recibida a /api/redmine: GET /tickets?limit=2000
[2025-07-21T10:45:04.582Z]  Petici贸n recibida a /api/redmine: GET /tickets?limit=2000
[2025-07-21T10:50:04.580Z]  Petici贸n recibida a /api/redmine: GET /tickets?limit=2000
[2025-07-21T10:55:04.581Z]  Petici贸n recibida a /api/redmine: GET /tickets?limit=2000
[2025-07-21T11:00:04.580Z]  Petici贸n recibida a /api/redmine: GET /tickets?limit=2000
[2025-07-21T11:05:04.581Z]  Petici贸n recibida a /api/redmine: GET /tickets?limit=2000
[2025-07-21T11:10:04.574Z]  Petici贸n recibida a /api/redmine: GET /tickets?limit=2000
[2025-07-21T11:15:04.576Z]  Petici贸n recibida a /api/redmine: GET /tickets?limit=2000
[2025-07-21T11:20:04.580Z]  Petici贸n recibida a /api/redmine: GET /tickets?limit=2000
[2025-07-21T11:25:04.579Z]  Petici贸n recibida a /api/redmine: GET /tickets?limit=2000
[2025-07-21T11:30:04.586Z]  Petici贸n recibida a /api/redmine: GET /tickets?limit=2000
[2025-07-21T11:35:04.579Z]  Petici贸n recibida a /api/redmine: GET /tickets?limit=2000
[2025-07-21T11:40:04.580Z]  Petici贸n recibida a /api/redmine: GET /tickets?limit=2000
[2025-07-21T11:45:04.589Z]  Petici贸n recibida a /api/redmine: GET /tickets?limit=2000
[2025-07-21T11:50:04.578Z]  Petici贸n recibida a /api/redmine: GET /tickets?limit=2000
[2025-07-21T11:55:04.577Z]  Petici贸n recibida a /api/redmine: GET /tickets?limit=2000
[2025-07-21T12:00:04.574Z]  Petici贸n recibida a /api/redmine: GET /tickets?limit=2000
[2025-07-21T12:05:05.626Z]  Petici贸n recibida a /api/redmine: GET /tickets?limit=2000
[2025-07-21T12:10:41.842Z]  Petici贸n recibida a /api/redmine: GET /tickets?limit=2000
[2025-07-21T12:15:42.010Z]  Petici贸n recibida a /api/redmine: GET /tickets?limit=2000
[2025-07-21T12:20:41.933Z]  Petici贸n recibida a /api/redmine: GET /tickets?limit=2000
[2025-07-21T12:25:41.967Z]  Petici贸n recibida a /api/redmine: GET /tickets?limit=2000
[2025-07-21T12:30:41.939Z]  Petici贸n recibida a /api/redmine: GET /tickets?limit=2000
[2025-07-21T12:35:41.787Z]  Petici贸n recibida a /api/redmine: GET /tickets?limit=2000
[2025-07-21T12:40:41.851Z]  Petici贸n recibida a /api/redmine: GET /tickets?limit=2000
[2025-07-21T12:45:41.988Z]  Petici贸n recibida a /api/redmine: GET /tickets?limit=2000
[2025-07-21T12:50:41.936Z]  Petici贸n recibida a /api/redmine: GET /tickets?limit=2000
[2025-07-21T12:55:42.219Z]  Petici贸n recibida a /api/redmine: GET /tickets?limit=2000
[2025-07-21T13:00:41.866Z]  Petici贸n recibida a /api/redmine: GET /tickets?limit=2000
[2025-07-21T13:05:41.805Z]  Petici贸n recibida a /api/redmine: GET /tickets?limit=2000
[2025-07-21T13:10:41.714Z]  Petici贸n recibida a /api/redmine: GET /tickets?limit=2000
[2025-07-21T13:15:41.918Z]  Petici贸n recibida a /api/redmine: GET /tickets?limit=2000
[2025-07-21T13:20:41.836Z]  Petici贸n recibida a /api/redmine: GET /tickets?limit=2000
[2025-07-21T13:25:41.805Z]  Petici贸n recibida a /api/redmine: GET /tickets?limit=2000
[2025-07-21T13:30:41.785Z]  Petici贸n recibida a /api/redmine: GET /tickets?limit=2000
[2025-07-21T13:35:41.859Z]  Petici贸n recibida a /api/redmine: GET /tickets?limit=2000
[2025-07-21T13:40:41.874Z]  Petici贸n recibida a /api/redmine: GET /tickets?limit=2000
[2025-07-21T13:45:41.936Z]  Petici贸n recibida a /api/redmine: GET /tickets?limit=2000
[2025-07-21T13:50:41.855Z]  Petici贸n recibida a /api/redmine: GET /tickets?limit=2000
[2025-07-21T13:55:41.891Z]  Petici贸n recibida a /api/redmine: GET /tickets?limit=2000
[2025-07-21T14:00:41.924Z]  Petici贸n recibida a /api/redmine: GET /tickets?limit=2000
[2025-07-21T14:05:41.869Z]  Petici贸n recibida a /api/redmine: GET /tickets?limit=2000
[2025-07-21T14:10:41.800Z]  Petici贸n recibida a /api/redmine: GET /tickets?limit=2000
[2025-07-21T14:15:41.913Z]  Petici贸n recibida a /api/redmine: GET /tickets?limit=2000
[2025-07-21T14:20:41.814Z]  Petici贸n recibida a /api/redmine: GET /tickets?limit=2000
[2025-07-21T14:25:41.794Z]  Petici贸n recibida a /api/redmine: GET /tickets?limit=2000
[2025-07-21T14:30:33.925Z]  Petici贸n recibida a /api/redmine: GET /tickets?limit=2000
[2025-07-21T14:30:36.574Z]  Petici贸n recibida a /api/usuarios: GET /1/perfil
[2025-07-21T14:35:04.586Z]  Petici贸n recibida a /api/redmine: GET /tickets?limit=2000
[2025-07-21T14:40:41.869Z]  Petici贸n recibida a /api/redmine: GET /tickets?limit=2000
[2025-07-21T14:45:05.460Z]  Petici贸n recibida a /api/redmine: GET /tickets?limit=2000
[2025-07-21T14:50:41.806Z]  Petici贸n recibida a /api/redmine: GET /tickets?limit=2000
[2025-07-21T15:05:48.658Z]  Petici贸n recibida a /api/redmine: GET /tickets?limit=2000
[2025-07-21T15:09:21.092Z]  Petici贸n recibida a /api/redmine: GET /tickets
[2025-07-21T15:09:21.098Z]  Petici贸n recibida a /api/redmine: GET /prioridades
[2025-07-21T15:09:21.101Z]  Petici贸n recibida a /api/redmine: GET /miembros
[2025-07-21T15:14:20.927Z]  Petici贸n recibida a /api/redmine: PUT /tickets/13214
[2025-07-21T15:14:21.154Z]  Petici贸n recibida a /api/redmine: GET /tickets
[2025-07-21T15:14:28.051Z]  Petici贸n recibida a /api/redmine: PUT /tickets/13214
[2025-07-21T15:14:28.247Z]  Petici贸n recibida a /api/redmine: GET /tickets
[2025-07-21T15:21:07.447Z]  Petici贸n recibida a /api/redmine: GET /tickets
[2025-07-21T15:21:50.889Z]  Petici贸n recibida a /api/redmine: GET /tickets?estado=Nueva
[2025-07-21T15:22:06.976Z]  Petici贸n recibida a /api/redmine: GET /tickets?estado=En+Curso
[2025-07-21T15:24:00.238Z]  Petici贸n recibida a /api/redmine: GET /tickets
[2025-07-21T15:28:18.047Z]  Petici贸n recibida a /api/usuarios: GET /inactivos
[2025-07-21T15:28:18.049Z]  Petici贸n recibida a /api/usuarios: GET /
[2025-07-21T15:37:37.731Z]  Petici贸n recibida a /api/usuarios: GET /1/perfil
[2025-07-22T02:13:24.641Z]  Petici贸n recibida a /api/redmine: GET /tickets?limit=2000
[2025-07-22T02:13:46.163Z]  Petici贸n recibida a /api/redmine: GET /tickets
[2025-07-22T02:13:53.894Z]  Petici贸n recibida a /api/usuarios: GET /
[2025-07-22T02:13:53.896Z]  Petici贸n recibida a /api/usuarios: GET /inactivos
[2025-07-22T02:14:02.680Z]  Petici贸n recibida a /api/redmine: GET /tickets
[2025-07-22T02:14:17.151Z]  Petici贸n recibida a /api/redmine: GET /tickets?id=1
[2025-07-22T02:14:18.504Z]  Petici贸n recibida a /api/redmine: GET /tickets?id=13
[2025-07-22T02:14:21.216Z]  Petici贸n recibida a /api/redmine: GET /tickets?id=131
[2025-07-22T02:14:21.453Z]  Petici贸n recibida a /api/redmine: GET /tickets?id=1312
[2025-07-22T02:14:21.842Z]  Petici贸n recibida a /api/redmine: GET /tickets?id=13125
[2025-07-22T02:14:36.923Z]  Petici贸n recibida a /api/redmine: GET /prioridades
[2025-07-22T02:14:36.930Z]  Petici贸n recibida a /api/redmine: GET /tickets
[2025-07-22T02:14:36.942Z]  Petici贸n recibida a /api/redmine: GET /miembros
[2025-07-22T02:14:41.044Z]  Petici贸n recibida a /api/redmine: GET /tickets?limit=2000
[2025-07-22T02:14:51.732Z]  Petici贸n recibida a /api/usuarios: GET /1/perfil
[2025-07-22T02:15:15.894Z]  Petici贸n recibida a /api/redmine: GET /tickets?limit=2000
